#
# There is insufficient memory for the Java Runtime Environment to continue.
# Native memory allocation (malloc) failed to allocate 228976 bytes for Chunk::new
# Possible reasons:
#   The system is out of physical RAM or swap space
#   In 32 bit mode, the process size limit was hit
# Possible solutions:
#   Reduce memory load on the system
#   Increase physical memory or swap space
#   Check if swap backing store is full
#   Use 64 bit Java on a 64 bit OS
#   Decrease Java heap size (-Xmx/-Xms)
#   Decrease number of Java threads
#   Decrease Java thread stack sizes (-Xss)
#   Set larger code cache with -XX:ReservedCodeCacheSize=
# This output file may be truncated or incomplete.
#
#  Out of Memory Error (allocation.cpp:390), pid=7140, tid=0x0000000000003774
#
# JRE version: Java(TM) SE Runtime Environment (8.0_191-b12) (build 1.8.0_191-b12)
# Java VM: Java HotSpot(TM) 64-Bit Server VM (25.191-b12 mixed mode windows-amd64 compressed oops)
# Failed to write core dump. Minidumps are not enabled by default on client versions of Windows
#

---------------  T H R E A D  ---------------

Current thread (0x000000001a50e800):  JavaThread "C2 CompilerThread0" daemon [_thread_in_native, id=14196, stack(0x000000001abd0000,0x000000001acd0000)]

Stack: [0x000000001abd0000,0x000000001acd0000]
[error occurred during error reporting (printing stack bounds), id 0xc0000005]

Native frames: (J=compiled Java code, j=interpreted, Vv=VM code, C=native code)


Current CompileTask:
C2:   5836 2194       4       org.springframework.util.StringUtils::collectionToDelimitedString (84 bytes)


---------------  P R O C E S S  ---------------

Java Threads: ( => current thread )
  0x000000001b8b1800 JavaThread "restartedMain" [_thread_in_Java, id=2004, stack(0x000000001bc10000,0x000000001bd10000)]
  0x000000001b8ae800 JavaThread "Thread-0" [_thread_blocked, id=8708, stack(0x000000001bb10000,0x000000001bc10000)]
  0x000000001a5b3800 JavaThread "Service Thread" daemon [_thread_blocked, id=7428, stack(0x000000001afd0000,0x000000001b0d0000)]
  0x000000001a51e000 JavaThread "C1 CompilerThread3" daemon [_thread_in_native, id=10920, stack(0x000000001aed0000,0x000000001afd0000)]
  0x000000001a51d800 JavaThread "C2 CompilerThread2" daemon [_thread_in_native, id=10584, stack(0x000000001add0000,0x000000001aed0000)]
  0x000000001a516800 JavaThread "C2 CompilerThread1" daemon [_thread_in_native, id=8336, stack(0x000000001acd0000,0x000000001add0000)]
=>0x000000001a50e800 JavaThread "C2 CompilerThread0" daemon [_thread_in_native, id=14196, stack(0x000000001abd0000,0x000000001acd0000)]
  0x000000001a50a800 JavaThread "Monitor Ctrl-Break" daemon [_thread_in_native, id=8852, stack(0x000000001aad0000,0x000000001abd0000)]
  0x000000001a20a000 JavaThread "Attach Listener" daemon [_thread_blocked, id=11552, stack(0x000000001a9d0000,0x000000001aad0000)]
  0x000000001a20e800 JavaThread "Signal Dispatcher" daemon [_thread_blocked, id=9488, stack(0x000000001a8d0000,0x000000001a9d0000)]
  0x000000001a1f0800 JavaThread "Finalizer" daemon [_thread_blocked, id=8584, stack(0x000000001a6d0000,0x000000001a7d0000)]
  0x000000000332e000 JavaThread "Reference Handler" daemon [_thread_blocked, id=2552, stack(0x000000001a5d0000,0x000000001a6d0000)]
  0x0000000003237000 JavaThread "main" [_thread_blocked, id=3152, stack(0x0000000003080000,0x0000000003180000)]

Other Threads:
  0x00000000183f9800 VMThread [stack: 0x000000001a0d0000,0x000000001a1d0000] [id=4476]
  0x000000001b128000 WatcherThread [stack: 0x000000001ba10000,0x000000001bb10000] [id=4596]

VM state:not at safepoint (normal execution)

VM Mutex/Monitor currently owned by a thread:  ([mutex/lock_event])
[0x0000000003234ed0] Compile_lock - owner thread: 0x000000001a51e000
[0x0000000003235e50] MethodCompileQueue_lock - owner thread: 0x000000001a51e000

Heap:
 PSYoungGen      total 37888K, used 19327K [0x00000000d6180000, 0x00000000dac00000, 0x0000000100000000)
  eden space 32768K, 49% used [0x00000000d6180000,0x00000000d714aeb0,0x00000000d8180000)
  from space 5120K, 61% used [0x00000000d8180000,0x00000000d8494fc0,0x00000000d8680000)
  to   space 9728K, 0% used [0x00000000da280000,0x00000000da280000,0x00000000dac00000)
 ParOldGen       total 51200K, used 7352K [0x0000000082400000, 0x0000000085600000, 0x00000000d6180000)
  object space 51200K, 14% used [0x0000000082400000,0x0000000082b2e2a8,0x0000000085600000)
 Metaspace       used 24278K, capacity 24934K, committed 25088K, reserved 1071104K
  class space    used 3109K, capacity 3284K, committed 3328K, reserved 1048576K

Card table byte_map: [0x00000000128b0000,0x0000000012ca0000] byte_map_base: 0x000000001249e000

Marking Bits: (ParMarkBitMap*) 0x0000000051573e30
 Begin Bits: [0x0000000013740000, 0x00000000156b0000)
 End Bits:   [0x00000000156b0000, 0x0000000017620000)

Polling page: 0x0000000000ff0000

CodeCache: size=245760Kb used=8358Kb max_used=8414Kb free=237401Kb
 bounds [0x00000000034f0000, 0x0000000003d30000, 0x00000000124f0000]
 total_blobs=2610 nmethods=2219 adapters=303
 compilation: enabled

Compilation events (10 events):
Event: 5.803 Thread 0x000000001a51e000 nmethod 2251 0x0000000003d1e710 code [0x0000000003d1e8a0, 0x0000000003d1eb38]
Event: 5.803 Thread 0x000000001a51e000 2252       3       java.io.FilePermission::getMask (948 bytes)
Event: 5.805 Thread 0x000000001a51e000 nmethod 2252 0x0000000003d1ee90 code [0x0000000003d1f240, 0x0000000003d21ba8]
Event: 5.805 Thread 0x000000001a51e000 2256       3       org.springframework.core.type.classreading.RecursiveAnnotationArrayVisitor::visit (114 bytes)
Event: 5.806 Thread 0x000000001a51e000 nmethod 2256 0x0000000003d22a90 code [0x0000000003d22d20, 0x0000000003d240d8]
Event: 5.806 Thread 0x000000001a51e000 2259   !   3       org.springframework.core.annotation.AnnotationUtils::retrieveAnnotationAttributes (181 bytes)
Event: 5.808 Thread 0x000000001a51e000 nmethod 2259 0x0000000003d24890 code [0x0000000003d24c40, 0x0000000003d26f98]
Event: 5.808 Thread 0x000000001a51e000 2257       3       java.util.TreeMap::navigableKeySet (27 bytes)
Event: 5.808 Thread 0x000000001a51e000 nmethod 2257 0x0000000003d28390 code [0x0000000003d28500, 0x0000000003d28890]
Event: 5.808 Thread 0x000000001a51e000 2260   !   3       sun.net.www.protocol.jar.JarFileFactory::getConnection (40 bytes)

GC Heap History (10 events):
Event: 4.634 GC heap before
{Heap before GC invocations=4 (full 0):
 PSYoungGen      total 37888K, used 37886K [0x00000000d6180000, 0x00000000d8b80000, 0x0000000100000000)
  eden space 32768K, 100% used [0x00000000d6180000,0x00000000d8180000,0x00000000d8180000)
  from space 5120K, 99% used [0x00000000d8180000,0x00000000d867fb38,0x00000000d8680000)
  to   space 5120K, 0% used [0x00000000d8680000,0x00000000d8680000,0x00000000d8b80000)
 ParOldGen       total 86016K, used 927K [0x0000000082400000, 0x0000000087800000, 0x00000000d6180000)
  object space 86016K, 1% used [0x0000000082400000,0x00000000824e7ec8,0x0000000087800000)
 Metaspace       used 18257K, capacity 18778K, committed 18944K, reserved 1064960K
  class space    used 2355K, capacity 2502K, committed 2560K, reserved 1048576K
Event: 4.639 GC heap after
Heap after GC invocations=4 (full 0):
 PSYoungGen      total 37888K, used 5104K [0x00000000d6180000, 0x00000000d8b80000, 0x0000000100000000)
  eden space 32768K, 0% used [0x00000000d6180000,0x00000000d6180000,0x00000000d8180000)
  from space 5120K, 99% used [0x00000000d8680000,0x00000000d8b7c1d8,0x00000000d8b80000)
  to   space 5120K, 0% used [0x00000000d8180000,0x00000000d8180000,0x00000000d8680000)
 ParOldGen       total 86016K, used 2991K [0x0000000082400000, 0x0000000087800000, 0x00000000d6180000)
  object space 86016K, 3% used [0x0000000082400000,0x00000000826ebfd8,0x0000000087800000)
 Metaspace       used 18257K, capacity 18778K, committed 18944K, reserved 1064960K
  class space    used 2355K, capacity 2502K, committed 2560K, reserved 1048576K
}
Event: 4.914 GC heap before
{Heap before GC invocations=5 (full 0):
 PSYoungGen      total 37888K, used 37872K [0x00000000d6180000, 0x00000000d8b80000, 0x0000000100000000)
  eden space 32768K, 100% used [0x00000000d6180000,0x00000000d8180000,0x00000000d8180000)
  from space 5120K, 99% used [0x00000000d8680000,0x00000000d8b7c1d8,0x00000000d8b80000)
  to   space 5120K, 0% used [0x00000000d8180000,0x00000000d8180000,0x00000000d8680000)
 ParOldGen       total 86016K, used 2991K [0x0000000082400000, 0x0000000087800000, 0x00000000d6180000)
  object space 86016K, 3% used [0x0000000082400000,0x00000000826ebfd8,0x0000000087800000)
 Metaspace       used 19919K, capacity 20414K, committed 20608K, reserved 1067008K
  class space    used 2516K, capacity 2662K, committed 2688K, reserved 1048576K
Event: 4.920 GC heap after
Heap after GC invocations=5 (full 0):
 PSYoungGen      total 37376K, used 5104K [0x00000000d6180000, 0x00000000d9300000, 0x0000000100000000)
  eden space 32256K, 0% used [0x00000000d6180000,0x00000000d6180000,0x00000000d8100000)
  from space 5120K, 99% used [0x00000000d8180000,0x00000000d867c010,0x00000000d8680000)
  to   space 9216K, 0% used [0x00000000d8a00000,0x00000000d8a00000,0x00000000d9300000)
 ParOldGen       total 86016K, used 6126K [0x0000000082400000, 0x0000000087800000, 0x00000000d6180000)
  object space 86016K, 7% used [0x0000000082400000,0x00000000829fb9a8,0x0000000087800000)
 Metaspace       used 19919K, capacity 20414K, committed 20608K, reserved 1067008K
  class space    used 2516K, capacity 2662K, committed 2688K, reserved 1048576K
}
Event: 5.023 GC heap before
{Heap before GC invocations=6 (full 0):
 PSYoungGen      total 37376K, used 23729K [0x00000000d6180000, 0x00000000d9300000, 0x0000000100000000)
  eden space 32256K, 57% used [0x00000000d6180000,0x00000000d73b0608,0x00000000d8100000)
  from space 5120K, 99% used [0x00000000d8180000,0x00000000d867c010,0x00000000d8680000)
  to   space 9216K, 0% used [0x00000000d8a00000,0x00000000d8a00000,0x00000000d9300000)
 ParOldGen       total 86016K, used 6126K [0x0000000082400000, 0x0000000087800000, 0x00000000d6180000)
  object space 86016K, 7% used [0x0000000082400000,0x00000000829fb9a8,0x0000000087800000)
 Metaspace       used 20663K, capacity 21136K, committed 21248K, reserved 1067008K
  class space    used 2628K, capacity 2773K, committed 2816K, reserved 1048576K
Event: 5.029 GC heap after
Heap after GC invocations=6 (full 0):
 PSYoungGen      total 41472K, used 7282K [0x00000000d6180000, 0x00000000d9300000, 0x0000000100000000)
  eden space 32256K, 0% used [0x00000000d6180000,0x00000000d6180000,0x00000000d8100000)
  from space 9216K, 79% used [0x00000000d8a00000,0x00000000d911c858,0x00000000d9300000)
  to   space 5120K, 0% used [0x00000000d8180000,0x00000000d8180000,0x00000000d8680000)
 ParOldGen       total 86016K, used 6134K [0x0000000082400000, 0x0000000087800000, 0x00000000d6180000)
  object space 86016K, 7% used [0x0000000082400000,0x00000000829fd9a8,0x0000000087800000)
 Metaspace       used 20663K, capacity 21136K, committed 21248K, reserved 1067008K
  class space    used 2628K, capacity 2773K, committed 2816K, reserved 1048576K
}
Event: 5.029 GC heap before
{Heap before GC invocations=7 (full 1):
 PSYoungGen      total 41472K, used 7282K [0x00000000d6180000, 0x00000000d9300000, 0x0000000100000000)
  eden space 32256K, 0% used [0x00000000d6180000,0x00000000d6180000,0x00000000d8100000)
  from space 9216K, 79% used [0x00000000d8a00000,0x00000000d911c858,0x00000000d9300000)
  to   space 5120K, 0% used [0x00000000d8180000,0x00000000d8180000,0x00000000d8680000)
 ParOldGen       total 86016K, used 6134K [0x0000000082400000, 0x0000000087800000, 0x00000000d6180000)
  object space 86016K, 7% used [0x0000000082400000,0x00000000829fd9a8,0x0000000087800000)
 Metaspace       used 20663K, capacity 21136K, committed 21248K, reserved 1067008K
  class space    used 2628K, capacity 2773K, committed 2816K, reserved 1048576K
Event: 5.052 GC heap after
Heap after GC invocations=7 (full 1):
 PSYoungGen      total 41472K, used 0K [0x00000000d6180000, 0x00000000d9300000, 0x0000000100000000)
  eden space 32256K, 0% used [0x00000000d6180000,0x00000000d6180000,0x00000000d8100000)
  from space 9216K, 0% used [0x00000000d8a00000,0x00000000d8a00000,0x00000000d9300000)
  to   space 5120K, 0% used [0x00000000d8180000,0x00000000d8180000,0x00000000d8680000)
 ParOldGen       total 51200K, used 7344K [0x0000000082400000, 0x0000000085600000, 0x00000000d6180000)
  object space 51200K, 14% used [0x0000000082400000,0x0000000082b2c2a8,0x0000000085600000)
 Metaspace       used 20661K, capacity 21130K, committed 21248K, reserved 1067008K
  class space    used 2627K, capacity 2772K, committed 2816K, reserved 1048576K
}
Event: 5.681 GC heap before
{Heap before GC invocations=8 (full 1):
 PSYoungGen      total 41472K, used 32256K [0x00000000d6180000, 0x00000000d9300000, 0x0000000100000000)
  eden space 32256K, 100% used [0x00000000d6180000,0x00000000d8100000,0x00000000d8100000)
  from space 9216K, 0% used [0x00000000d8a00000,0x00000000d8a00000,0x00000000d9300000)
  to   space 5120K, 0% used [0x00000000d8180000,0x00000000d8180000,0x00000000d8680000)
 ParOldGen       total 51200K, used 7344K [0x0000000082400000, 0x0000000085600000, 0x00000000d6180000)
  object space 51200K, 14% used [0x0000000082400000,0x0000000082b2c2a8,0x0000000085600000)
 Metaspace       used 23256K, capacity 23876K, committed 23936K, reserved 1071104K
  class space    used 2963K, capacity 3149K, committed 3200K, reserved 1048576K
Event: 5.684 GC heap after
Heap after GC invocations=8 (full 1):
 PSYoungGen      total 37888K, used 3155K [0x00000000d6180000, 0x00000000dac00000, 0x0000000100000000)
  eden space 32768K, 0% used [0x00000000d6180000,0x00000000d6180000,0x00000000d8180000)
  from space 5120K, 61% used [0x00000000d8180000,0x00000000d8494fc0,0x00000000d8680000)
  to   space 9728K, 0% used [0x00000000da280000,0x00000000da280000,0x00000000dac00000)
 ParOldGen       total 51200K, used 7352K [0x0000000082400000, 0x0000000085600000, 0x00000000d6180000)
  object space 51200K, 14% used [0x0000000082400000,0x0000000082b2e2a8,0x0000000085600000)
 Metaspace       used 23256K, capacity 23876K, committed 23936K, reserved 1071104K
  class space    used 2963K, capacity 3149K, committed 3200K, reserved 1048576K
}

Deoptimization events (10 events):
Event: 4.822 Thread 0x000000001b8b1800 Uncommon trap: reason=unstable_if action=reinterpret pc=0x0000000003a11238 method=org.springframework.asm.ClassReader.readUtf(II[C)Ljava/lang/String; @ 41
Event: 4.831 Thread 0x000000001b8b1800 Uncommon trap: reason=unstable_if action=reinterpret pc=0x00000000039c13a4 method=org.springframework.asm.ClassReader.readUtf(II[C)Ljava/lang/String; @ 41
Event: 5.054 Thread 0x000000001b8a6000 Uncommon trap: reason=unstable_if action=reinterpret pc=0x0000000003b4f668 method=jdk.internal.org.objectweb.asm.Type.getArgumentsAndReturnSizes(Ljava/lang/String;)I @ 47
Event: 5.581 Thread 0x000000001b8a6000 Uncommon trap: reason=unstable_if action=reinterpret pc=0x0000000003c17060 method=com.sun.org.apache.xerces.internal.impl.XMLEntityScanner.scanLiteral(ILcom/sun/org/apache/xerces/internal/xni/XMLString;Z)I @ 570
Event: 5.587 Thread 0x000000001b8a6000 Uncommon trap: reason=unstable_if action=reinterpret pc=0x0000000003c01234 method=com.sun.org.apache.xerces.internal.impl.XMLEntityScanner.checkBeforeLoad(Lcom/sun/xml/internal/stream/Entity$ScannedEntity;II)I @ 18
Event: 5.596 Thread 0x000000001b8b1800 Uncommon trap: reason=null_assert action=make_not_entrant pc=0x0000000003b92588 method=org.springframework.asm.ClassReader.readCode(Lorg/springframework/asm/MethodVisitor;Lorg/springframework/asm/Context;I)V @ 4166
Event: 5.624 Thread 0x000000001b8a6000 Uncommon trap: reason=unstable_if action=reinterpret pc=0x0000000003c25f9c method=com.sun.org.apache.xerces.internal.impl.XMLEntityScanner.skipSpaces()Z @ 125
Event: 5.625 Thread 0x000000001b8b1800 Uncommon trap: reason=unstable_if action=reinterpret pc=0x0000000003bade64 method=java.net.URLClassLoader.definePackageInternal(Ljava/lang/String;Ljava/util/jar/Manifest;Ljava/net/URL;)V @ 11
Event: 5.667 Thread 0x000000001b8a6000 Uncommon trap: reason=unstable_if action=reinterpret pc=0x0000000003c915b4 method=com.sun.org.apache.xerces.internal.util.SymbolTable.addSymbol([CII)Ljava/lang/String; @ 38
Event: 5.679 Thread 0x000000001b8a6000 Uncommon trap: reason=unstable_if action=reinterpret pc=0x0000000003c4a288 method=com.sun.org.apache.xerces.internal.util.SymbolTable.addSymbol([CII)Ljava/lang/String; @ 38

Classes redefined (0 events):
No events

Internal exceptions (10 events):
Event: 4.445 Thread 0x000000001b8b1800 Exception <a 'java/lang/ClassNotFoundException': org/springframework/core/OrderedCustomizer> (0x00000000d72185b8) thrown at [C:\re\workspace\8-2-build-windows-amd64-cygwin\jdk8u191\11896\hotspot\src\share\vm\classfile\systemDictionary.cpp, line 210]
Event: 4.446 Thread 0x000000001b8b1800 Exception <a 'java/lang/ClassNotFoundException': org/springframework/context/ResourceLoaderAwareCustomizer> (0x00000000d722e460) thrown at [C:\re\workspace\8-2-build-windows-amd64-cygwin\jdk8u191\11896\hotspot\src\share\vm\classfile\systemDictionary.cpp, 
Event: 4.462 Thread 0x000000001b8b1800 Exception <a 'java/lang/ClassNotFoundException': org/springframework/beans/factory/AwareCustomizer> (0x00000000d7242918) thrown at [C:\re\workspace\8-2-build-windows-amd64-cygwin\jdk8u191\11896\hotspot\src\share\vm\classfile\systemDictionary.cpp, line 210
Event: 4.462 Thread 0x000000001b8b1800 Exception <a 'java/lang/ClassNotFoundException': org/springframework/beans/factory/BeanClassLoaderAwareCustomizer> (0x00000000d72b3778) thrown at [C:\re\workspace\8-2-build-windows-amd64-cygwin\jdk8u191\11896\hotspot\src\share\vm\classfile\systemDictionar
Event: 4.464 Thread 0x000000001b8b1800 Exception <a 'java/lang/ClassNotFoundException': org/springframework/beans/factory/AwareCustomizer> (0x00000000d72c7c48) thrown at [C:\re\workspace\8-2-build-windows-amd64-cygwin\jdk8u191\11896\hotspot\src\share\vm\classfile\systemDictionary.cpp, line 210
Event: 4.464 Thread 0x000000001b8b1800 Exception <a 'java/lang/ClassNotFoundException': org/springframework/context/EnvironmentAwareCustomizer> (0x00000000d72dc2f8) thrown at [C:\re\workspace\8-2-build-windows-amd64-cygwin\jdk8u191\11896\hotspot\src\share\vm\classfile\systemDictionary.cpp, lin
Event: 4.464 Thread 0x000000001b8b1800 Exception <a 'java/lang/ClassNotFoundException': org/springframework/beans/factory/AwareCustomizer> (0x00000000d72f06a8) thrown at [C:\re\workspace\8-2-build-windows-amd64-cygwin\jdk8u191\11896\hotspot\src\share\vm\classfile\systemDictionary.cpp, line 210
Event: 4.552 Thread 0x000000001b8b1800 Exception <a 'java/lang/NoSuchMethodError': java.lang.Object.lambda$comparing$77a9974f$1(Ljava/util/function/Function;Ljava/lang/Object;Ljava/lang/Object;)I> (0x00000000d76cf168) thrown at [C:\re\workspace\8-2-build-windows-amd64-cygwin\jdk8u191\11896\hot
Event: 5.057 Thread 0x000000001b8a6000 Exception <a 'java/lang/IncompatibleClassChangeError': Found class java.lang.Object, but interface was expected> (0x00000000d627f470) thrown at [C:\re\workspace\8-2-build-windows-amd64-cygwin\jdk8u191\11896\hotspot\src\share\vm\interpreter\linkResolver.cp
Event: 5.507 Thread 0x000000001b8b1800 Exception <a 'java/lang/IncompatibleClassChangeError': Found class java.lang.Object, but interface was expected> (0x00000000d6f77e50) thrown at [C:\re\workspace\8-2-build-windows-amd64-cygwin\jdk8u191\11896\hotspot\src\share\vm\interpreter\linkResolver.cp

Events (10 events):
Event: 5.807 loading class org/springframework/boot/autoconfigure/BackgroundPreinitializer$JacksonInitializer
Event: 5.807 loading class org/springframework/boot/autoconfigure/BackgroundPreinitializer$JacksonInitializer done
Event: 5.807 loading class org/joda/time/LocalDate
Event: 5.807 loading class org/joda/time/LocalDate done
Event: 5.807 loading class org/joda/time$LocalDate
Event: 5.807 loading class org/joda/time$LocalDate done
Event: 5.808 loading class org/springframework/boot/autoconfigure/BackgroundPreinitializer$CharsetInitializer
Event: 5.808 loading class org/springframework/boot/autoconfigure/BackgroundPreinitializer$CharsetInitializer done
Event: 5.808 loading class org/springframework/boot/autoconfigure/cache/CacheCondition
Event: 5.808 loading class org/springframework/boot/autoconfigure/cache/CacheCondition done


Dynamic libraries:
0x00007ff7afdd0000 - 0x00007ff7afe07000 	C:\Program Files\Java\jdk1.8.0_191\bin\java.exe
0x00007ffa919a0000 - 0x00007ffa91b81000 	C:\Windows\SYSTEM32\ntdll.dll
0x00007ffa90f80000 - 0x00007ffa91031000 	C:\Windows\System32\KERNEL32.DLL
0x00007ffa8e870000 - 0x00007ffa8eae3000 	C:\Windows\System32\KERNELBASE.dll
0x00007ffa8ef00000 - 0x00007ffa8efa1000 	C:\Windows\System32\ADVAPI32.dll
0x00007ffa90430000 - 0x00007ffa904ce000 	C:\Windows\System32\msvcrt.dll
0x00007ffa90800000 - 0x00007ffa9085b000 	C:\Windows\System32\sechost.dll
0x00007ffa90530000 - 0x00007ffa90654000 	C:\Windows\System32\RPCRT4.dll
0x00007ffa90a00000 - 0x00007ffa90b90000 	C:\Windows\System32\USER32.dll
0x00007ffa8eb70000 - 0x00007ffa8eb90000 	C:\Windows\System32\win32u.dll
0x00007ffa917e0000 - 0x00007ffa91808000 	C:\Windows\System32\GDI32.dll
0x00007ffa8e530000 - 0x00007ffa8e6c1000 	C:\Windows\System32\gdi32full.dll
0x00007ffa8e6d0000 - 0x00007ffa8e76f000 	C:\Windows\System32\msvcp_win.dll
0x00007ffa8e770000 - 0x00007ffa8e868000 	C:\Windows\System32\ucrtbase.dll
0x00007ffa7cdf0000 - 0x00007ffa7d059000 	C:\Windows\WinSxS\amd64_microsoft.windows.common-controls_6595b64144ccf1df_6.0.17134.829_none_fb46a5473061b9d5\COMCTL32.dll
0x00007ffa91490000 - 0x00007ffa917b2000 	C:\Windows\System32\combase.dll
0x00007ffa8eaf0000 - 0x00007ffa8eb6a000 	C:\Windows\System32\bcryptPrimitives.dll
0x00007ffa8efb0000 - 0x00007ffa8efdd000 	C:\Windows\System32\IMM32.DLL
0x0000000051600000 - 0x00000000516d2000 	C:\Program Files\Java\jdk1.8.0_191\jre\bin\msvcr100.dll
0x0000000050d50000 - 0x00000000515f4000 	C:\Program Files\Java\jdk1.8.0_191\jre\bin\server\jvm.dll
0x00007ffa90420000 - 0x00007ffa90428000 	C:\Windows\System32\PSAPI.DLL
0x00007ffa87ec0000 - 0x00007ffa87ec9000 	C:\Windows\SYSTEM32\WSOCK32.dll
0x00007ffa86e60000 - 0x00007ffa86e6a000 	C:\Windows\SYSTEM32\VERSION.dll
0x00007ffa8a5b0000 - 0x00007ffa8a5d3000 	C:\Windows\SYSTEM32\WINMM.dll
0x00007ffa90c40000 - 0x00007ffa90cac000 	C:\Windows\System32\WS2_32.dll
0x00007ffa8a580000 - 0x00007ffa8a5aa000 	C:\Windows\SYSTEM32\WINMMBASE.dll
0x00007ffa8e480000 - 0x00007ffa8e4c9000 	C:\Windows\System32\cfgmgr32.dll
0x0000000052340000 - 0x000000005234f000 	C:\Program Files\Java\jdk1.8.0_191\jre\bin\verify.dll
0x0000000052310000 - 0x0000000052339000 	C:\Program Files\Java\jdk1.8.0_191\jre\bin\java.dll
0x0000000052250000 - 0x0000000052273000 	C:\Program Files\Java\jdk1.8.0_191\jre\bin\instrument.dll
0x00000000522f0000 - 0x0000000052306000 	C:\Program Files\Java\jdk1.8.0_191\jre\bin\zip.dll
0x00007ffa8efe0000 - 0x00007ffa90420000 	C:\Windows\System32\SHELL32.dll
0x00007ffa90b90000 - 0x00007ffa90c39000 	C:\Windows\System32\shcore.dll
0x00007ffa8dd70000 - 0x00007ffa8e47d000 	C:\Windows\System32\windows.storage.dll
0x00007ffa90d50000 - 0x00007ffa90da1000 	C:\Windows\System32\shlwapi.dll
0x00007ffa8dd50000 - 0x00007ffa8dd61000 	C:\Windows\System32\kernel.appcore.dll
0x00007ffa8dd30000 - 0x00007ffa8dd4f000 	C:\Windows\System32\profapi.dll
0x00007ffa8dcd0000 - 0x00007ffa8dd1c000 	C:\Windows\System32\powrprof.dll
0x00007ffa8dd20000 - 0x00007ffa8dd2a000 	C:\Windows\System32\FLTLIB.DLL
0x00007ffa7d810000 - 0x00007ffa7d82a000 	D:\Program Files\JetBrains\IDEA_U\bin\breakgen64.dll
0x00000000522a0000 - 0x00000000522ba000 	C:\Program Files\Java\jdk1.8.0_191\jre\bin\net.dll
0x00007ffa8d4d0000 - 0x00007ffa8d536000 	C:\Windows\system32\mswsock.dll
0x00000000522e0000 - 0x00000000522ed000 	C:\Program Files\Java\jdk1.8.0_191\jre\bin\management.dll
0x00007ffa78e60000 - 0x00007ffa78e76000 	C:\Windows\system32\napinsp.dll
0x00007ffa78690000 - 0x00007ffa786aa000 	C:\Windows\system32\pnrpnsp.dll
0x00007ffa8a150000 - 0x00007ffa8a169000 	C:\Windows\system32\NLAapi.dll
0x00007ffa8d2a0000 - 0x00007ffa8d35e000 	C:\Windows\SYSTEM32\DNSAPI.dll
0x00007ffa90870000 - 0x00007ffa90878000 	C:\Windows\System32\NSI.dll
0x00007ffa8d260000 - 0x00007ffa8d298000 	C:\Windows\SYSTEM32\IPHLPAPI.DLL
0x00007ffa80ab0000 - 0x00007ffa80abe000 	C:\Windows\System32\winrnr.dll
0x00007ffa86aa0000 - 0x00007ffa86ab5000 	C:\Windows\System32\wshbth.dll
0x00007ffa7e1f0000 - 0x00007ffa7e1fa000 	C:\Windows\System32\rasadhlp.dll
0x00007ffa837e0000 - 0x00007ffa83852000 	C:\Windows\System32\fwpuclnt.dll
0x00007ffa8d7b0000 - 0x00007ffa8d7d5000 	C:\Windows\SYSTEM32\bcrypt.dll
0x0000000052280000 - 0x0000000052291000 	C:\Program Files\Java\jdk1.8.0_191\jre\bin\nio.dll

VM Arguments:
jvm_args: -javaagent:D:\Program Files\JetBrains\IDEA_U\lib\idea_rt.jar=50086:D:\Program Files\JetBrains\IDEA_U\bin -Dfile.encoding=UTF-8 
java_command: com.benkenobi3.library.LibraryApplication
java_class_path (initial): C:\Program Files\Java\jdk1.8.0_191\jre\lib\charsets.jar;C:\Program Files\Java\jdk1.8.0_191\jre\lib\deploy.jar;C:\Program Files\Java\jdk1.8.0_191\jre\lib\ext\access-bridge-64.jar;C:\Program Files\Java\jdk1.8.0_191\jre\lib\ext\cldrdata.jar;C:\Program Files\Java\jdk1.8.0_191\jre\lib\ext\dnsns.jar;C:\Program Files\Java\jdk1.8.0_191\jre\lib\ext\jaccess.jar;C:\Program Files\Java\jdk1.8.0_191\jre\lib\ext\jfxrt.jar;C:\Program Files\Java\jdk1.8.0_191\jre\lib\ext\localedata.jar;C:\Program Files\Java\jdk1.8.0_191\jre\lib\ext\nashorn.jar;C:\Program Files\Java\jdk1.8.0_191\jre\lib\ext\sunec.jar;C:\Program Files\Java\jdk1.8.0_191\jre\lib\ext\sunjce_provider.jar;C:\Program Files\Java\jdk1.8.0_191\jre\lib\ext\sunmscapi.jar;C:\Program Files\Java\jdk1.8.0_191\jre\lib\ext\sunpkcs11.jar;C:\Program Files\Java\jdk1.8.0_191\jre\lib\ext\zipfs.jar;C:\Program Files\Java\jdk1.8.0_191\jre\lib\javaws.jar;C:\Program Files\Java\jdk1.8.0_191\jre\lib\jce.jar;C:\Program Files\Java\jdk1.8.0_191\jre\lib\jfr.jar;C:\Program Files\Java\jdk1.8.0_191\jre\lib\jfxswt.jar;C:\Program Files\Java\jdk1.8.0_191\jre\lib\jsse.jar;C:\Program Files\Java\jdk1.8.0_191\jre\lib\management-agent.jar;C:\Program Files\Java\jdk1.8.0_191\jre\lib\plugin.jar;C:\Program Files\Java\jdk1.8.0_191\jre\lib\resources.jar;C:\Program Files\Java\jdk1.8.0_191\jre\lib\rt.jar;D:\Max\java\library\out\production\classes;D:\Max\java\library\out\production\resources;C:\Users\vezde\.gradle\caches\modules-2\files-2.1\io.springfox\springfox-swagger2\2.7.0\dd28b7ce26af1209d6ef19f5f24a8c23b41ca6fc\springfox-swagger2-2.7.0.jar;C:\Users\vezde\.gradle\caches\modules-2\files-2.1\io.springfox\springfox-swagger-ui\2.7.0\92608eb6c2056810b4e3189196b4e8cce645d6de\springfox-swagger-ui-2.7.0.jar;C:\Users\vezde\.gradle\caches\modules-2\files-2.1\org.springframework.boot\spring-boot-starter-web\2.1.6.RELEASE\8d232c9366b4ef3f5a919e48efb2228528391914\spring-boot-starter-web-2.1.6.RELEASE.jar;C:\Users\vezde\.gradle\caches\modules-2\files
Launcher Type: SUN_STANDARD

Environment Variables:
JAVA_HOME=C:\Program Files\Java\jdk1.8.0_191
PATH=C:\Program Files (x86)\Common Files\Oracle\Java\javapath;C:\ProgramData\Oracle\Java\javapath;C:\Windows\system32;C:\Windows;C:\Windows\System32\Wbem;C:\Windows\System32\WindowsPowerShell\v1.0\;C:\Windows\System32\OpenSSH\;C:\Program Files (x86)\NVIDIA Corporation\PhysX\Common;C:\Program Files\Git\cmd;C:\Program Files\Intel\WiFi\bin\;C:\Program Files\Common Files\Intel\WirelessCommon\;C:\Program Files\NVIDIA Corporation\NVIDIA NvDLISR;C:\Program Files\MiKTeX 2.9\miktex\bin\x64\;D:\AnacondaPython;D:\AnacondaPython\Library\mingw-w64\bin;D:\AnacondaPython\Library\usr\bin;D:\AnacondaPython\Library\bin;D:\AnacondaPython\Scripts;D:\Python\Scripts\;D:\Python\;C:\Users\vezde\AppData\Local\Microsoft\WindowsApps;C:\Users\vezde\AppData\Local\GitHubDesktop\bin;C:\Program Files\Intel\WiFi\bin\;C:\Program Files\Common Files\Intel\WirelessCommon\;D:\Program Files\JetBrains\IDEA\bin;
USERNAME=Ben
OS=Windows_NT
PROCESSOR_IDENTIFIER=Intel64 Family 6 Model 158 Stepping 10, GenuineIntel



---------------  S Y S T E M  ---------------

OS: Windows 10.0 , 64 bit Build 17134 (10.0.17134.753)

CPU:total 8 (initial active 8) (4 cores per cpu, 2 threads per core) family 6 model 158 stepping 10, cmov, cx8, fxsr, mmx, sse, sse2, sse3, ssse3, sse4.1, sse4.2, popcnt, avx, avx2, aes, clmul, erms, 3dnowpref, lzcnt, ht, tsc, tscinvbit, bmi1, bmi2, adx

Memory: 4k page, physical 8237592k(369580k free), swap 10334744k(5824k free)

vm_info: Java HotSpot(TM) 64-Bit Server VM (25.191-b12) for windows-amd64 JRE (1.8.0_191-b12), built on Oct  6 2018 09:29:03 by "java_re" with MS VC++ 10.0 (VS2010)

time: Mon Jul 08 19:04:06 2019
elapsed time: 5 seconds (0d 0h 0m 5s)

