#
# There is insufficient memory for the Java Runtime Environment to continue.
# Native memory allocation (malloc) failed to allocate 652192 bytes for Chunk::new
# Possible reasons:
#   The system is out of physical RAM or swap space
#   In 32 bit mode, the process size limit was hit
# Possible solutions:
#   Reduce memory load on the system
#   Increase physical memory or swap space
#   Check if swap backing store is full
#   Use 64 bit Java on a 64 bit OS
#   Decrease Java heap size (-Xmx/-Xms)
#   Decrease number of Java threads
#   Decrease Java thread stack sizes (-Xss)
#   Set larger code cache with -XX:ReservedCodeCacheSize=
# This output file may be truncated or incomplete.
#
#  Out of Memory Error (allocation.cpp:390), pid=4876, tid=0x00000000000035dc
#
# JRE version: Java(TM) SE Runtime Environment (8.0_191-b12) (build 1.8.0_191-b12)
# Java VM: Java HotSpot(TM) 64-Bit Server VM (25.191-b12 mixed mode windows-amd64 compressed oops)
# Failed to write core dump. Minidumps are not enabled by default on client versions of Windows
#

---------------  T H R E A D  ---------------

Current thread (0x0000000015e97000):  JavaThread "C2 CompilerThread1" daemon [_thread_in_native, id=13788, stack(0x0000000016860000,0x0000000016960000)]

Stack: [0x0000000016860000,0x0000000016960000]
[error occurred during error reporting (printing stack bounds), id 0xc0000005]

Native frames: (J=compiled Java code, j=interpreted, Vv=VM code, C=native code)


Current CompileTask:
C2:   4173 3607       4       java.io.WinNTFileSystem::normalize (143 bytes)


---------------  P R O C E S S  ---------------

Java Threads: ( => current thread )
  0x000000001bf50800 JavaThread "Exec process Thread 3" [_thread_blocked, id=8368, stack(0x0000000022f00000,0x0000000023000000)]
  0x000000001bf53800 JavaThread "Exec process Thread 2" [_thread_in_vm, id=2132, stack(0x0000000022e00000,0x0000000022f00000)]
  0x000000001bf52800 JavaThread "Exec process" [_thread_blocked, id=2428, stack(0x0000000022d00000,0x0000000022e00000)]
  0x000000001bf52000 JavaThread "Build operations Thread 8" [_thread_blocked, id=7372, stack(0x0000000021c30000,0x0000000021d30000)]
  0x000000001bf51000 JavaThread "Build operations Thread 7" [_thread_blocked, id=4472, stack(0x0000000021b30000,0x0000000021c30000)]
  0x000000001bf55000 JavaThread "Cache worker for execution history cache (D:\Max\java\library\.gradle\5.4.1\executionHistory)" [_thread_blocked, id=9828, stack(0x0000000021830000,0x0000000021930000)]
  0x0000000019eaf800 JavaThread "Execution worker for ':' Thread 7" [_thread_blocked, id=11100, stack(0x0000000021730000,0x0000000021830000)]
  0x0000000019eaf000 JavaThread "Execution worker for ':' Thread 6" [_thread_blocked, id=9192, stack(0x0000000021630000,0x0000000021730000)]
  0x0000000019ea7000 JavaThread "Execution worker for ':' Thread 5" [_thread_blocked, id=11108, stack(0x0000000021530000,0x0000000021630000)]
  0x0000000019eae000 JavaThread "Execution worker for ':' Thread 4" [_thread_blocked, id=10932, stack(0x0000000021430000,0x0000000021530000)]
  0x0000000019ead800 JavaThread "Execution worker for ':' Thread 3" [_thread_blocked, id=7360, stack(0x0000000021330000,0x0000000021430000)]
  0x0000000019eac800 JavaThread "Execution worker for ':' Thread 2" [_thread_blocked, id=11088, stack(0x0000000021230000,0x0000000021330000)]
  0x0000000019ea5800 JavaThread "Execution worker for ':'" [_thread_blocked, id=5504, stack(0x0000000021130000,0x0000000021230000)]
  0x0000000019ea8800 JavaThread "Cache worker for file content cache (D:\Max\java\library\.gradle\5.4.1\fileContent)" [_thread_blocked, id=10044, stack(0x0000000021030000,0x0000000021130000)]
  0x0000000019eac000 JavaThread "Cache worker for file content cache (C:\Users\vezde\.gradle\caches\5.4.1\fileContent)" [_thread_blocked, id=12708, stack(0x0000000020f30000,0x0000000021030000)]
  0x0000000019eab000 JavaThread "Memory manager" [_thread_blocked, id=10116, stack(0x0000000020e30000,0x0000000020f30000)]
  0x0000000019ea3800 JavaThread "Cache worker for Build Output Cleanup Cache (D:\Max\java\library\.gradle\buildOutputCleanup)" [_thread_blocked, id=13652, stack(0x0000000020930000,0x0000000020a30000)]
  0x0000000019eaa800 JavaThread "Build operations Thread 6" [_thread_blocked, id=9972, stack(0x0000000020830000,0x0000000020930000)]
  0x0000000019ea9800 JavaThread "Build operations Thread 5" [_thread_blocked, id=1268, stack(0x0000000020730000,0x0000000020830000)]
  0x0000000019ea2800 JavaThread "Build operations Thread 4" [_thread_blocked, id=9596, stack(0x0000000020630000,0x0000000020730000)]
  0x0000000019ea8000 JavaThread "Build operations Thread 3" [_thread_blocked, id=1808, stack(0x0000000020530000,0x0000000020630000)]
  0x0000000019ea2000 JavaThread "Build operations Thread 2" [_thread_blocked, id=4156, stack(0x0000000020430000,0x0000000020530000)]
  0x0000000019ea5000 JavaThread "Build operations" [_thread_blocked, id=6292, stack(0x000000001ee80000,0x000000001ef80000)]
  0x0000000019ea4000 JavaThread "Cache worker for execution history cache (C:\Users\vezde\.gradle\caches\5.4.1\executionHistory)" [_thread_blocked, id=10096, stack(0x000000001ed80000,0x000000001ee80000)]
  0x0000000019ea1000 JavaThread "Cache worker for cache directory md-rule (C:\Users\vezde\.gradle\caches\5.4.1\md-rule)" [_thread_blocked, id=11128, stack(0x000000001e7b0000,0x000000001e8b0000)]
  0x0000000019ea6800 JavaThread "Cache worker for cache directory md-supplier (C:\Users\vezde\.gradle\caches\5.4.1\md-supplier)" [_thread_blocked, id=7964, stack(0x000000001d680000,0x000000001d780000)]
  0x0000000015e9d800 JavaThread "Cache worker for file hash cache (D:\Max\java\library\.gradle\5.4.1\fileHashes)" [_thread_blocked, id=14192, stack(0x000000001cf20000,0x000000001d020000)]
  0x0000000015e9f800 JavaThread "Cache worker for journal cache (C:\Users\vezde\.gradle\caches\journal-1)" [_thread_blocked, id=7052, stack(0x000000001aa80000,0x000000001ab80000)]
  0x0000000015e9f000 JavaThread "File lock request listener" [_thread_in_native, id=8284, stack(0x000000001a980000,0x000000001aa80000)]
  0x0000000015e9c800 JavaThread "Cache worker for file hash cache (C:\Users\vezde\.gradle\caches\5.4.1\fileHashes)" [_thread_blocked, id=12312, stack(0x000000001a880000,0x000000001a980000)]
  0x0000000018354800 JavaThread "Thread-9" [_thread_blocked, id=9816, stack(0x00000000197b0000,0x00000000198b0000)]
  0x0000000018362800 JavaThread "Stdin handler" [_thread_blocked, id=9088, stack(0x00000000196b0000,0x00000000197b0000)]
  0x0000000018365000 JavaThread "Asynchronous log dispatcher for DefaultDaemonConnection: socket connection from /127.0.0.1:56720 to /127.0.0.1:56721" [_thread_blocked, id=7416, stack(0x00000000194b0000,0x00000000195b0000)]
  0x000000001832a800 JavaThread "Daemon worker" [_thread_blocked, id=8852, stack(0x00000000193b0000,0x00000000194b0000)]
  0x0000000018329000 JavaThread "Cancel handler" [_thread_blocked, id=4424, stack(0x00000000192b0000,0x00000000193b0000)]
  0x0000000018280000 JavaThread "Handler for socket connection from /127.0.0.1:56720 to /127.0.0.1:56721" [_thread_in_native, id=12408, stack(0x0000000018fb0000,0x00000000190b0000)]
  0x0000000018276800 JavaThread "Daemon" [_thread_blocked, id=12872, stack(0x0000000018eb0000,0x0000000018fb0000)]
  0x000000001820e800 JavaThread "Daemon periodic checks" [_thread_blocked, id=7064, stack(0x0000000018db0000,0x0000000018eb0000)]
  0x000000001820c800 JavaThread "Incoming local TCP Connector on port 56720" [_thread_in_native, id=12780, stack(0x0000000018cb0000,0x0000000018db0000)]
  0x0000000017fe1800 JavaThread "Daemon health stats" [_thread_blocked, id=7456, stack(0x0000000018670000,0x0000000018770000)]
  0x0000000015f26800 JavaThread "Service Thread" daemon [_thread_blocked, id=8432, stack(0x0000000016b60000,0x0000000016c60000)]
  0x0000000015e99000 JavaThread "C1 CompilerThread3" daemon [_thread_blocked, id=8668, stack(0x0000000016a60000,0x0000000016b60000)]
  0x0000000015e9b000 JavaThread "C2 CompilerThread2" daemon [_thread_in_native, id=476, stack(0x0000000016960000,0x0000000016a60000)]
=>0x0000000015e97000 JavaThread "C2 CompilerThread1" daemon [_thread_in_native, id=13788, stack(0x0000000016860000,0x0000000016960000)]
  0x000000001408a000 JavaThread "C2 CompilerThread0" daemon [_thread_in_native, id=13892, stack(0x0000000016760000,0x0000000016860000)]
  0x0000000015e95000 JavaThread "Attach Listener" daemon [_thread_blocked, id=640, stack(0x0000000016660000,0x0000000016760000)]
  0x0000000015e93800 JavaThread "Signal Dispatcher" daemon [_thread_blocked, id=12016, stack(0x0000000016560000,0x0000000016660000)]
  0x000000000280c800 JavaThread "Finalizer" daemon [_thread_blocked, id=4964, stack(0x0000000016360000,0x0000000016460000)]
  0x0000000015e80800 JavaThread "Reference Handler" daemon [_thread_blocked, id=13504, stack(0x0000000016260000,0x0000000016360000)]
  0x0000000000e0e000 JavaThread "main" [_thread_blocked, id=12208, stack(0x0000000002610000,0x0000000002710000)]

Other Threads:
  0x000000001407a000 VMThread [stack: 0x0000000015d60000,0x0000000015e60000] [id=11316]
  0x0000000015eca800 WatcherThread [stack: 0x0000000016da0000,0x0000000016ea0000] [id=11932]

VM state:synchronizing (normal execution)

VM Mutex/Monitor currently owned by a thread:  ([mutex/lock_event])
[0x0000000000e0ce70] Threads_lock - owner thread: 0x000000001407a000

Heap:
 PSYoungGen      total 156160K, used 97328K [0x00000000f5580000, 0x0000000100000000, 0x0000000100000000)
  eden space 141824K, 59% used [0x00000000f5580000,0x00000000fa7d6bd8,0x00000000fe000000)
  from space 14336K, 90% used [0x00000000fe000000,0x00000000fecb5538,0x00000000fee00000)
  to   space 15360K, 0% used [0x00000000ff100000,0x00000000ff100000,0x0000000100000000)
 ParOldGen       total 175104K, used 15514K [0x00000000e0000000, 0x00000000eab00000, 0x00000000f5580000)
  object space 175104K, 8% used [0x00000000e0000000,0x00000000e0f26a60,0x00000000eab00000)
 Metaspace       used 41023K, capacity 41998K, committed 42240K, reserved 1085440K
  class space    used 5862K, capacity 6125K, committed 6144K, reserved 1048576K

Card table byte_map: [0x0000000011bd0000,0x0000000011ce0000] byte_map_base: 0x00000000114d0000

Marking Bits: (ParMarkBitMap*) 0x0000000051323e30
 Begin Bits: [0x0000000012590000, 0x0000000012d90000)
 End Bits:   [0x0000000012d90000, 0x0000000013590000)

Polling page: 0x0000000000db0000

CodeCache: size=245760Kb used=14814Kb max_used=14814Kb free=230946Kb
 bounds [0x0000000002810000, 0x00000000036a0000, 0x0000000011810000]
 total_blobs=5176 nmethods=4452 adapters=634
 compilation: disabled (not enough contiguous free space left)

Compilation events (10 events):
Event: 3.946 Thread 0x0000000015e99000 4493       2       org.gradle.internal.component.local.model.DefaultLocalComponentMetadata$DefaultLocalConfigurationMetadata::include (12 bytes)
Event: 3.946 Thread 0x0000000015e99000 nmethod 4493 0x000000000368ef10 code [0x000000000368f080, 0x000000000368f208]
Event: 3.946 Thread 0x0000000015e99000 4494       1       org.gradle.internal.resolve.result.DefaultBuildableComponentIdResolveResult::getFailure (5 bytes)
Event: 3.947 Thread 0x0000000015e99000 nmethod 4494 0x000000000368f2d0 code [0x000000000368f420, 0x000000000368f530]
Event: 3.947 Thread 0x0000000015e99000 4495       2       java.util.concurrent.ConcurrentHashMap::<init> (5 bytes)
Event: 3.947 Thread 0x0000000015e99000 nmethod 4495 0x000000000368f590 code [0x000000000368f6e0, 0x000000000368f830]
Event: 3.947 Thread 0x0000000015e99000 4496  s    2       org.gradle.internal.component.external.model.AbstractLazyModuleComponentResolveMetadata::getConfiguration (44 bytes)
Event: 3.947 Thread 0x0000000015e99000 nmethod 4496 0x000000000368f8d0 code [0x000000000368fa60, 0x000000000368fe68]
Event: 3.947 Thread 0x0000000015e99000 4497       2       java.util.concurrent.LinkedBlockingQueue::dequeue (32 bytes)
Event: 3.947 Thread 0x0000000015e99000 


GC Heap History (10 events):
Event: 2.091 GC heap before
{Heap before GC invocations=5 (full 1):
 PSYoungGen      total 76288K, used 65536K [0x00000000f5580000, 0x00000000fea80000, 0x0000000100000000)
  eden space 65536K, 100% used [0x00000000f5580000,0x00000000f9580000,0x00000000f9580000)
  from space 10752K, 0% used [0x00000000f9580000,0x00000000f9580000,0x00000000fa000000)
  to   space 10752K, 0% used [0x00000000fe000000,0x00000000fe000000,0x00000000fea80000)
 ParOldGen       total 175104K, used 11038K [0x00000000e0000000, 0x00000000eab00000, 0x00000000f5580000)
  object space 175104K, 6% used [0x00000000e0000000,0x00000000e0ac78b8,0x00000000eab00000)
 Metaspace       used 27029K, capacity 27518K, committed 27776K, reserved 1073152K
  class space    used 3797K, capacity 3951K, committed 3968K, reserved 1048576K
Event: 2.097 GC heap after
Heap after GC invocations=5 (full 1):
 PSYoungGen      total 103936K, used 7403K [0x00000000f5580000, 0x00000000fe780000, 0x0000000100000000)
  eden space 96256K, 0% used [0x00000000f5580000,0x00000000f5580000,0x00000000fb380000)
  from space 7680K, 96% used [0x00000000fe000000,0x00000000fe73ad00,0x00000000fe780000)
  to   space 10752K, 0% used [0x00000000fd280000,0x00000000fd280000,0x00000000fdd00000)
 ParOldGen       total 175104K, used 11046K [0x00000000e0000000, 0x00000000eab00000, 0x00000000f5580000)
  object space 175104K, 6% used [0x00000000e0000000,0x00000000e0ac98b8,0x00000000eab00000)
 Metaspace       used 27029K, capacity 27518K, committed 27776K, reserved 1073152K
  class space    used 3797K, capacity 3951K, committed 3968K, reserved 1048576K
}
Event: 2.794 GC heap before
{Heap before GC invocations=6 (full 1):
 PSYoungGen      total 103936K, used 103659K [0x00000000f5580000, 0x00000000fe780000, 0x0000000100000000)
  eden space 96256K, 100% used [0x00000000f5580000,0x00000000fb380000,0x00000000fb380000)
  from space 7680K, 96% used [0x00000000fe000000,0x00000000fe73ad00,0x00000000fe780000)
  to   space 10752K, 0% used [0x00000000fd280000,0x00000000fd280000,0x00000000fdd00000)
 ParOldGen       total 175104K, used 11046K [0x00000000e0000000, 0x00000000eab00000, 0x00000000f5580000)
  object space 175104K, 6% used [0x00000000e0000000,0x00000000e0ac98b8,0x00000000eab00000)
 Metaspace       used 33395K, capacity 33964K, committed 34432K, reserved 1079296K
  class space    used 4739K, capacity 4915K, committed 4992K, reserved 1048576K
Event: 2.802 GC heap after
Heap after GC invocations=6 (full 1):
 PSYoungGen      total 138752K, used 10724K [0x00000000f5580000, 0x00000000ffc80000, 0x0000000100000000)
  eden space 128000K, 0% used [0x00000000f5580000,0x00000000f5580000,0x00000000fd280000)
  from space 10752K, 99% used [0x00000000fd280000,0x00000000fdcf93c0,0x00000000fdd00000)
  to   space 14848K, 0% used [0x00000000fee00000,0x00000000fee00000,0x00000000ffc80000)
 ParOldGen       total 175104K, used 13049K [0x00000000e0000000, 0x00000000eab00000, 0x00000000f5580000)
  object space 175104K, 7% used [0x00000000e0000000,0x00000000e0cbe798,0x00000000eab00000)
 Metaspace       used 33395K, capacity 33964K, committed 34432K, reserved 1079296K
  class space    used 4739K, capacity 4915K, committed 4992K, reserved 1048576K
}
Event: 2.934 GC heap before
{Heap before GC invocations=7 (full 1):
 PSYoungGen      total 138752K, used 30735K [0x00000000f5580000, 0x00000000ffc80000, 0x0000000100000000)
  eden space 128000K, 15% used [0x00000000f5580000,0x00000000f690ab08,0x00000000fd280000)
  from space 10752K, 99% used [0x00000000fd280000,0x00000000fdcf93c0,0x00000000fdd00000)
  to   space 14848K, 0% used [0x00000000fee00000,0x00000000fee00000,0x00000000ffc80000)
 ParOldGen       total 175104K, used 13049K [0x00000000e0000000, 0x00000000eab00000, 0x00000000f5580000)
  object space 175104K, 7% used [0x00000000e0000000,0x00000000e0cbe798,0x00000000eab00000)
 Metaspace       used 34571K, capacity 35310K, committed 35456K, reserved 1079296K
  class space    used 4963K, capacity 5186K, committed 5248K, reserved 1048576K
Event: 2.942 GC heap after
Heap after GC invocations=7 (full 1):
 PSYoungGen      total 156672K, used 8198K [0x00000000f5580000, 0x0000000100000000, 0x0000000100000000)
  eden space 141824K, 0% used [0x00000000f5580000,0x00000000f5580000,0x00000000fe000000)
  from space 14848K, 55% used [0x00000000fee00000,0x00000000ff601b60,0x00000000ffc80000)
  to   space 14336K, 0% used [0x00000000fe000000,0x00000000fe000000,0x00000000fee00000)
 ParOldGen       total 175104K, used 13049K [0x00000000e0000000, 0x00000000eab00000, 0x00000000f5580000)
  object space 175104K, 7% used [0x00000000e0000000,0x00000000e0cbe798,0x00000000eab00000)
 Metaspace       used 34571K, capacity 35310K, committed 35456K, reserved 1079296K
  class space    used 4963K, capacity 5186K, committed 5248K, reserved 1048576K
}
Event: 2.942 GC heap before
{Heap before GC invocations=8 (full 2):
 PSYoungGen      total 156672K, used 8198K [0x00000000f5580000, 0x0000000100000000, 0x0000000100000000)
  eden space 141824K, 0% used [0x00000000f5580000,0x00000000f5580000,0x00000000fe000000)
  from space 14848K, 55% used [0x00000000fee00000,0x00000000ff601b60,0x00000000ffc80000)
  to   space 14336K, 0% used [0x00000000fe000000,0x00000000fe000000,0x00000000fee00000)
 ParOldGen       total 175104K, used 13049K [0x00000000e0000000, 0x00000000eab00000, 0x00000000f5580000)
  object space 175104K, 7% used [0x00000000e0000000,0x00000000e0cbe798,0x00000000eab00000)
 Metaspace       used 34571K, capacity 35310K, committed 35456K, reserved 1079296K
  class space    used 4963K, capacity 5186K, committed 5248K, reserved 1048576K
Event: 2.976 GC heap after
Heap after GC invocations=8 (full 2):
 PSYoungGen      total 156672K, used 0K [0x00000000f5580000, 0x0000000100000000, 0x0000000100000000)
  eden space 141824K, 0% used [0x00000000f5580000,0x00000000f5580000,0x00000000fe000000)
  from space 14848K, 0% used [0x00000000fee00000,0x00000000fee00000,0x00000000ffc80000)
  to   space 14336K, 0% used [0x00000000fe000000,0x00000000fe000000,0x00000000fee00000)
 ParOldGen       total 175104K, used 15506K [0x00000000e0000000, 0x00000000eab00000, 0x00000000f5580000)
  object space 175104K, 8% used [0x00000000e0000000,0x00000000e0f24a60,0x00000000eab00000)
 Metaspace       used 34544K, capacity 35220K, committed 35456K, reserved 1079296K
  class space    used 4955K, capacity 5171K, committed 5248K, reserved 1048576K
}
Event: 3.749 GC heap before
{Heap before GC invocations=9 (full 2):
 PSYoungGen      total 156672K, used 141824K [0x00000000f5580000, 0x0000000100000000, 0x0000000100000000)
  eden space 141824K, 100% used [0x00000000f5580000,0x00000000fe000000,0x00000000fe000000)
  from space 14848K, 0% used [0x00000000fee00000,0x00000000fee00000,0x00000000ffc80000)
  to   space 14336K, 0% used [0x00000000fe000000,0x00000000fe000000,0x00000000fee00000)
 ParOldGen       total 175104K, used 15506K [0x00000000e0000000, 0x00000000eab00000, 0x00000000f5580000)
  object space 175104K, 8% used [0x00000000e0000000,0x00000000e0f24a60,0x00000000eab00000)
 Metaspace       used 40419K, capacity 41308K, committed 41728K, reserved 1085440K
  class space    used 5785K, capacity 6038K, committed 6144K, reserved 1048576K
Event: 3.758 GC heap after
Heap after GC invocations=9 (full 2):
 PSYoungGen      total 156160K, used 13013K [0x00000000f5580000, 0x0000000100000000, 0x0000000100000000)
  eden space 141824K, 0% used [0x00000000f5580000,0x00000000f5580000,0x00000000fe000000)
  from space 14336K, 90% used [0x00000000fe000000,0x00000000fecb5538,0x00000000fee00000)
  to   space 15360K, 0% used [0x00000000ff100000,0x00000000ff100000,0x0000000100000000)
 ParOldGen       total 175104K, used 15514K [0x00000000e0000000, 0x00000000eab00000, 0x00000000f5580000)
  object space 175104K, 8% used [0x00000000e0000000,0x00000000e0f26a60,0x00000000eab00000)
 Metaspace       used 40419K, capacity 41308K, committed 41728K, reserved 1085440K
  class space    used 5785K, capacity 6038K, committed 6144K, reserved 1048576K
}

Deoptimization events (10 events):
Event: 3.795 Thread 0x000000001832a800 Uncommon trap: reason=class_check action=maybe_recompile pc=0x0000000003566948 method=io.spring.gradle.dependencymanagement.org.apache.maven.model.interpolation.StringSearchModelInterpolator$InterpolateObjectAction.interpolateMapField(Ljava/lang/Object;Lj
Event: 3.795 Thread 0x000000001832a800 Uncommon trap: reason=class_check action=maybe_recompile pc=0x0000000003566948 method=io.spring.gradle.dependencymanagement.org.apache.maven.model.interpolation.StringSearchModelInterpolator$InterpolateObjectAction.interpolateMapField(Ljava/lang/Object;Lj
Event: 3.795 Thread 0x000000001832a800 Uncommon trap: reason=class_check action=maybe_recompile pc=0x0000000003566948 method=io.spring.gradle.dependencymanagement.org.apache.maven.model.interpolation.StringSearchModelInterpolator$InterpolateObjectAction.interpolateMapField(Ljava/lang/Object;Lj
Event: 3.808 Thread 0x000000001832a800 Uncommon trap: reason=unstable_if action=reinterpret pc=0x0000000002d06288 method=sun.nio.cs.UTF_8$Decoder.decodeArrayLoop(Ljava/nio/ByteBuffer;Ljava/nio/CharBuffer;)Ljava/nio/charset/CoderResult; @ 84
Event: 3.832 Thread 0x000000001832a800 Uncommon trap: reason=class_check action=maybe_recompile pc=0x0000000003566948 method=io.spring.gradle.dependencymanagement.org.apache.maven.model.interpolation.StringSearchModelInterpolator$InterpolateObjectAction.interpolateMapField(Ljava/lang/Object;Lj
Event: 3.991 Thread 0x000000001832a800 Uncommon trap: reason=unstable_if action=reinterpret pc=0x000000000312ca80 method=java.util.concurrent.ConcurrentHashMap.get(Ljava/lang/Object;)Ljava/lang/Object; @ 152
Event: 3.992 Thread 0x000000001832a800 Uncommon trap: reason=bimorphic action=maybe_recompile pc=0x00000000031b5714 method=java.util.concurrent.ConcurrentHashMap.putVal(Ljava/lang/Object;Ljava/lang/Object;Z)Ljava/lang/Object; @ 192
Event: 3.992 Thread 0x0000000019ea2000 Uncommon trap: reason=bimorphic action=maybe_recompile pc=0x00000000031b5714 method=java.util.concurrent.ConcurrentHashMap.putVal(Ljava/lang/Object;Ljava/lang/Object;Z)Ljava/lang/Object; @ 192
Event: 3.992 Thread 0x0000000019ea2800 Uncommon trap: reason=bimorphic action=maybe_recompile pc=0x00000000031b5714 method=java.util.concurrent.ConcurrentHashMap.putVal(Ljava/lang/Object;Ljava/lang/Object;Z)Ljava/lang/Object; @ 192
Event: 3.992 Thread 0x000000001832a800 Uncommon trap: reason=bimorphic action=maybe_recompile pc=0x00000000031b5714 method=java.util.concurrent.ConcurrentHashMap.putVal(Ljava/lang/Object;Ljava/lang/Object;Z)Ljava/lang/Object; @ 192

Classes redefined (0 events):
No events

Internal exceptions (10 events):
Event: 3.307 Thread 0x000000001832a800 Implicit null exception at 0x000000000323792f to 0x000000000323b90d
Event: 3.307 Thread 0x000000001832a800 Implicit null exception at 0x0000000003142d95 to 0x000000000314307d
Event: 3.351 Thread 0x0000000018354800 Exception <a 'java/lang/NoSuchMethodError': <clinit>> (0x00000000f5592288) thrown at [C:\re\workspace\8-2-build-windows-amd64-cygwin\jdk8u191\11896\hotspot\src\share\vm\prims\jni.cpp, line 1613]
Event: 3.352 Thread 0x0000000018354800 Exception <a 'java/lang/NoSuchMethodError': <clinit>> (0x00000000f559df68) thrown at [C:\re\workspace\8-2-build-windows-amd64-cygwin\jdk8u191\11896\hotspot\src\share\vm\prims\jni.cpp, line 1613]
Event: 3.352 Thread 0x0000000018354800 Exception <a 'java/lang/NoSuchMethodError': <clinit>> (0x00000000f55aa4b8) thrown at [C:\re\workspace\8-2-build-windows-amd64-cygwin\jdk8u191\11896\hotspot\src\share\vm\prims\jni.cpp, line 1613]
Event: 3.508 Thread 0x000000001832a800 Implicit null exception at 0x000000000343fcde to 0x0000000003440961
Event: 3.544 Thread 0x000000001832a800 Implicit null exception at 0x00000000034da726 to 0x00000000034db9e5
Event: 4.030 Thread 0x0000000018354800 Exception <a 'java/lang/NoSuchMethodError': <clinit>> (0x00000000fa0711c0) thrown at [C:\re\workspace\8-2-build-windows-amd64-cygwin\jdk8u191\11896\hotspot\src\share\vm\prims\jni.cpp, line 1613]
Event: 4.030 Thread 0x0000000018354800 Exception <a 'java/lang/NoSuchMethodError': <clinit>> (0x00000000fa082998) thrown at [C:\re\workspace\8-2-build-windows-amd64-cygwin\jdk8u191\11896\hotspot\src\share\vm\prims\jni.cpp, line 1613]
Event: 4.030 Thread 0x0000000018354800 Exception <a 'java/lang/NoSuchMethodError': <clinit>> (0x00000000fa47bc28) thrown at [C:\re\workspace\8-2-build-windows-amd64-cygwin\jdk8u191\11896\hotspot\src\share\vm\prims\jni.cpp, line 1613]

Events (10 events):
Event: 4.040 loading class net/rubygrapefruit/platform/internal/jni/WindowsHandleFunctions done
Event: 4.040 loading class java/lang/ProcessImpl
Event: 4.040 loading class java/lang/ProcessImpl done
Event: 4.044 loading class java/lang/ProcessImpl$2
Event: 4.044 loading class java/lang/ProcessImpl$2 done
Event: 4.044 loading class org/gradle/process/internal/streams/ExecOutputHandleRunner
Event: 4.044 loading class org/gradle/process/internal/streams/ExecOutputHandleRunner done
Event: 4.045 Thread 0x000000001bf53800 Thread added: 0x000000001bf53800
Event: 4.045 Thread 0x000000001bf50800 Thread added: 0x000000001bf50800
Event: 4.111 Executing VM operation: EnableBiasedLocking


Dynamic libraries:
0x00007ff638320000 - 0x00007ff638357000 	C:\Program Files\Java\jdk1.8.0_191\bin\java.exe
0x00007ffa919a0000 - 0x00007ffa91b81000 	C:\Windows\SYSTEM32\ntdll.dll
0x00007ffa90f80000 - 0x00007ffa91031000 	C:\Windows\System32\KERNEL32.DLL
0x00007ffa8e870000 - 0x00007ffa8eae3000 	C:\Windows\System32\KERNELBASE.dll
0x00007ffa8ef00000 - 0x00007ffa8efa1000 	C:\Windows\System32\ADVAPI32.dll
0x00007ffa90430000 - 0x00007ffa904ce000 	C:\Windows\System32\msvcrt.dll
0x00007ffa90800000 - 0x00007ffa9085b000 	C:\Windows\System32\sechost.dll
0x00007ffa90530000 - 0x00007ffa90654000 	C:\Windows\System32\RPCRT4.dll
0x00007ffa90a00000 - 0x00007ffa90b90000 	C:\Windows\System32\USER32.dll
0x00007ffa8eb70000 - 0x00007ffa8eb90000 	C:\Windows\System32\win32u.dll
0x00007ffa917e0000 - 0x00007ffa91808000 	C:\Windows\System32\GDI32.dll
0x00007ffa8e530000 - 0x00007ffa8e6c1000 	C:\Windows\System32\gdi32full.dll
0x00007ffa8e6d0000 - 0x00007ffa8e76f000 	C:\Windows\System32\msvcp_win.dll
0x00007ffa8e770000 - 0x00007ffa8e868000 	C:\Windows\System32\ucrtbase.dll
0x00007ffa7cdf0000 - 0x00007ffa7d059000 	C:\Windows\WinSxS\amd64_microsoft.windows.common-controls_6595b64144ccf1df_6.0.17134.829_none_fb46a5473061b9d5\COMCTL32.dll
0x00007ffa91490000 - 0x00007ffa917b2000 	C:\Windows\System32\combase.dll
0x00007ffa8eaf0000 - 0x00007ffa8eb6a000 	C:\Windows\System32\bcryptPrimitives.dll
0x00007ffa8efb0000 - 0x00007ffa8efdd000 	C:\Windows\System32\IMM32.DLL
0x00000000513b0000 - 0x0000000051482000 	C:\Program Files\Java\jdk1.8.0_191\jre\bin\msvcr100.dll
0x0000000050b00000 - 0x00000000513a4000 	C:\Program Files\Java\jdk1.8.0_191\jre\bin\server\jvm.dll
0x00007ffa90420000 - 0x00007ffa90428000 	C:\Windows\System32\PSAPI.DLL
0x00007ffa87ec0000 - 0x00007ffa87ec9000 	C:\Windows\SYSTEM32\WSOCK32.dll
0x00007ffa90c40000 - 0x00007ffa90cac000 	C:\Windows\System32\WS2_32.dll
0x00007ffa8a5b0000 - 0x00007ffa8a5d3000 	C:\Windows\SYSTEM32\WINMM.dll
0x00007ffa86e60000 - 0x00007ffa86e6a000 	C:\Windows\SYSTEM32\VERSION.dll
0x00007ffa8a580000 - 0x00007ffa8a5aa000 	C:\Windows\SYSTEM32\winmmbase.dll
0x00007ffa8e480000 - 0x00007ffa8e4c9000 	C:\Windows\System32\cfgmgr32.dll
0x00000000522d0000 - 0x00000000522df000 	C:\Program Files\Java\jdk1.8.0_191\jre\bin\verify.dll
0x00000000522a0000 - 0x00000000522c9000 	C:\Program Files\Java\jdk1.8.0_191\jre\bin\java.dll
0x0000000052280000 - 0x0000000052296000 	C:\Program Files\Java\jdk1.8.0_191\jre\bin\zip.dll
0x00007ffa8efe0000 - 0x00007ffa90420000 	C:\Windows\System32\SHELL32.dll
0x00007ffa90b90000 - 0x00007ffa90c39000 	C:\Windows\System32\shcore.dll
0x00007ffa8dd70000 - 0x00007ffa8e47d000 	C:\Windows\System32\windows.storage.dll
0x00007ffa90d50000 - 0x00007ffa90da1000 	C:\Windows\System32\shlwapi.dll
0x00007ffa8dd50000 - 0x00007ffa8dd61000 	C:\Windows\System32\kernel.appcore.dll
0x00007ffa8dd30000 - 0x00007ffa8dd4f000 	C:\Windows\System32\profapi.dll
0x00007ffa8dcd0000 - 0x00007ffa8dd1c000 	C:\Windows\System32\powrprof.dll
0x00007ffa8dd20000 - 0x00007ffa8dd2a000 	C:\Windows\System32\FLTLIB.DLL
0x0000000052260000 - 0x000000005227a000 	C:\Program Files\Java\jdk1.8.0_191\jre\bin\net.dll
0x00007ffa8d4d0000 - 0x00007ffa8d536000 	C:\Windows\system32\mswsock.dll
0x0000000052240000 - 0x0000000052251000 	C:\Program Files\Java\jdk1.8.0_191\jre\bin\nio.dll
0x00007ffa78680000 - 0x00007ffa786a6000 	C:\Users\vezde\.gradle\native\29\windows-amd64\native-platform.dll
0x0000000050af0000 - 0x0000000050afd000 	C:\Program Files\Java\jdk1.8.0_191\jre\bin\management.dll
0x00007ffa8d680000 - 0x00007ffa8d697000 	C:\Windows\SYSTEM32\CRYPTSP.dll
0x00007ffa8d0c0000 - 0x00007ffa8d0f3000 	C:\Windows\system32\rsaenh.dll
0x00007ffa8d7b0000 - 0x00007ffa8d7d5000 	C:\Windows\SYSTEM32\bcrypt.dll
0x00007ffa8dbe0000 - 0x00007ffa8dc08000 	C:\Windows\SYSTEM32\USERENV.dll
0x00007ffa8d6a0000 - 0x00007ffa8d6ab000 	C:\Windows\SYSTEM32\CRYPTBASE.dll
0x00007ffa8d260000 - 0x00007ffa8d298000 	C:\Windows\SYSTEM32\IPHLPAPI.DLL
0x00007ffa90870000 - 0x00007ffa90878000 	C:\Windows\System32\NSI.dll
0x00007ffa837c0000 - 0x00007ffa837d6000 	C:\Windows\SYSTEM32\dhcpcsvc6.DLL
0x00007ffa851a0000 - 0x00007ffa851ba000 	C:\Windows\SYSTEM32\dhcpcsvc.DLL

VM Arguments:
jvm_args: -XX:MaxMetaspaceSize=256m -XX:+HeapDumpOnOutOfMemoryError -Xms256m -Xmx512m -Dfile.encoding=windows-1251 -Duser.country=RU -Duser.language=ru -Duser.variant 
java_command: org.gradle.launcher.daemon.bootstrap.GradleDaemon 5.4.1
java_class_path (initial): C:\Users\vezde\.gradle\wrapper\dists\gradle-5.4.1-bin\e75iq110yv9r9wt1a6619x2xm\gradle-5.4.1\lib\gradle-launcher-5.4.1.jar
Launcher Type: SUN_STANDARD

Environment Variables:
JAVA_HOME=C:\Program Files\Java\jdk1.8.0_191
PATH=C:\Program Files (x86)\Common Files\Oracle\Java\javapath;C:\ProgramData\Oracle\Java\javapath;C:\Windows\system32;C:\Windows;C:\Windows\System32\Wbem;C:\Windows\System32\WindowsPowerShell\v1.0\;C:\Windows\System32\OpenSSH\;C:\Program Files (x86)\NVIDIA Corporation\PhysX\Common;C:\Program Files\Git\cmd;C:\Program Files\Intel\WiFi\bin\;C:\Program Files\Common Files\Intel\WirelessCommon\;C:\Program Files\NVIDIA Corporation\NVIDIA NvDLISR;C:\Program Files\MiKTeX 2.9\miktex\bin\x64\;D:\AnacondaPython;D:\AnacondaPython\Library\mingw-w64\bin;D:\AnacondaPython\Library\usr\bin;D:\AnacondaPython\Library\bin;D:\AnacondaPython\Scripts;D:\Python\Scripts\;D:\Python\;C:\Users\vezde\AppData\Local\Microsoft\WindowsApps;C:\Users\vezde\AppData\Local\GitHubDesktop\bin;C:\Program Files\Intel\WiFi\bin\;C:\Program Files\Common Files\Intel\WirelessCommon\
USERNAME=Ben
OS=Windows_NT
PROCESSOR_IDENTIFIER=Intel64 Family 6 Model 158 Stepping 10, GenuineIntel



---------------  S Y S T E M  ---------------

OS: Windows 10.0 , 64 bit Build 17134 (10.0.17134.753)

CPU:total 8 (initial active 8) (4 cores per cpu, 2 threads per core) family 6 model 158 stepping 10, cmov, cx8, fxsr, mmx, sse, sse2, sse3, ssse3, sse4.1, sse4.2, popcnt, avx, avx2, aes, clmul, erms, 3dnowpref, lzcnt, ht, tsc, tscinvbit, bmi1, bmi2, adx

Memory: 4k page, physical 8237592k(901780k free), swap 10334744k(1456k free)

vm_info: Java HotSpot(TM) 64-Bit Server VM (25.191-b12) for windows-amd64 JRE (1.8.0_191-b12), built on Oct  6 2018 09:29:03 by "java_re" with MS VC++ 10.0 (VS2010)

time: Sun Jul 07 22:25:20 2019
elapsed time: 4 seconds (0d 0h 0m 4s)

